[INFO ] 2025-02-25 13:05:36,662 [main | c.o.g.Config] Using 'jar:file:/opt/graphdb/dist/lib/graphdb-application-common-10.7.0.jar!/com/ontotext/graphdb/logback.xml' as logback's configuration file
[INFO ] 2025-02-25 13:05:37,457 [main | c.o.g.s.GraphDB] Starting GraphDB in workbench mode.
[INFO ] 2025-02-25 13:05:51,676 [main | c.o.g.Config] GraphDB Home directory: /opt/graphdb/home
[INFO ] 2025-02-25 13:05:51,680 [main | c.o.g.Config] GraphDB Config directory: /opt/graphdb/home/conf
[INFO ] 2025-02-25 13:05:51,684 [main | c.o.g.Config] GraphDB Data directory: /opt/graphdb/home/data
[INFO ] 2025-02-25 13:05:51,687 [main | c.o.g.Config] GraphDB Work directory: /opt/graphdb/home/work
[INFO ] 2025-02-25 13:05:51,689 [main | c.o.g.Config] GraphDB Logs directory: /opt/graphdb/home/logs
[INFO ] 2025-02-25 13:05:52,786 [main | c.o.f.c.s.r.GraphDBRpcServer] Started gRPC server on port 7300 successfully
[INFO ] 2025-02-25 13:05:58,764 [main | c.o.g.s.GraphDB] Started GraphDB in workbench mode at port 7200.
[ERROR] 2025-02-25 13:07:34,571 [repositories/PETSdata | c.o.f.s.GraphDBProtocolExceptionResolver] Client sent bad request (404)
org.eclipse.rdf4j.http.server.ClientHTTPException: Unknown repository: PETSdata
	at org.eclipse.rdf4j.http.server.repository.RepositoryInterceptor.setRequestAttributes(RepositoryInterceptor.java:110)
	at org.eclipse.rdf4j.http.server.ServerInterceptor.preHandle(ServerInterceptor.java:35)
	at org.eclipse.rdf4j.http.server.repository.RepositoryInterceptor.preHandle(RepositoryInterceptor.java:85)
	at com.ontotext.forest.sesame.ForestRepositoryInterceptor.preHandle(ForestRepositoryInterceptor.java:34)
	at com.ontotext.forest.sesame.ForestRepositoryInterceptor$$FastClassBySpringCGLIB$$d99bcd9f.invoke(<generated>)
	at org.springframework.cglib.proxy.MethodProxy.invoke(MethodProxy.java:218)
	at org.springframework.aop.framework.CglibAopProxy$CglibMethodInvocation.invokeJoinpoint(CglibAopProxy.java:792)
	at org.springframework.aop.framework.ReflectiveMethodInvocation.proceed(ReflectiveMethodInvocation.java:163)
	at org.springframework.aop.framework.CglibAopProxy$CglibMethodInvocation.proceed(CglibAopProxy.java:762)
	at org.springframework.aop.support.DelegatingIntroductionInterceptor.doProceed(DelegatingIntroductionInterceptor.java:137)
	at org.springframework.aop.support.DelegatingIntroductionInterceptor.invoke(DelegatingIntroductionInterceptor.java:124)
	at org.springframework.aop.framework.ReflectiveMethodInvocation.proceed(ReflectiveMethodInvocation.java:186)
	at org.springframework.aop.framework.CglibAopProxy$CglibMethodInvocation.proceed(CglibAopProxy.java:762)
	at org.springframework.aop.framework.CglibAopProxy$DynamicAdvisedInterceptor.intercept(CglibAopProxy.java:707)
	at com.ontotext.forest.sesame.ForestRepositoryInterceptor$$EnhancerBySpringCGLIB$$651b2d82.preHandle(<generated>)
	at org.springframework.web.servlet.HandlerExecutionChain.applyPreHandle(HandlerExecutionChain.java:148)
	at org.springframework.web.servlet.DispatcherServlet.doDispatch(DispatcherServlet.java:1067)
	at org.springframework.web.servlet.DispatcherServlet.doService(DispatcherServlet.java:965)
	at org.springframework.web.servlet.FrameworkServlet.processRequest(FrameworkServlet.java:1006)
	at org.springframework.web.servlet.FrameworkServlet.doPost(FrameworkServlet.java:909)
	at javax.servlet.http.HttpServlet.service(HttpServlet.java:555)
	at org.springframework.web.servlet.FrameworkServlet.service(FrameworkServlet.java:883)
	at javax.servlet.http.HttpServlet.service(HttpServlet.java:623)
	at org.apache.catalina.core.ApplicationFilterChain.internalDoFilter(ApplicationFilterChain.java:210)
	at org.apache.catalina.core.ApplicationFilterChain.doFilter(ApplicationFilterChain.java:154)
	at com.ontotext.forest.security.AdminDelegatingFilterProxy.doFilter(AdminDelegatingFilterProxy.java:83)
	at org.springframework.web.filter.DelegatingFilterProxy.invokeDelegate(DelegatingFilterProxy.java:354)
	at org.springframework.web.filter.DelegatingFilterProxy.doFilter(DelegatingFilterProxy.java:267)
	at org.apache.catalina.core.ApplicationFilterChain.internalDoFilter(ApplicationFilterChain.java:179)
	at org.apache.catalina.core.ApplicationFilterChain.doFilter(ApplicationFilterChain.java:154)
	at com.ontotext.forest.clusterproxy.ClusterFilterBean.doFilter(ClusterFilterBean.java:73)
	at com.ontotext.forest.clusterproxy.ClusterLoadBalancerFilter.doFilterInternal(ClusterLoadBalancerFilter.java:25)
	at org.springframework.web.filter.OncePerRequestFilter.doFilter(OncePerRequestFilter.java:117)
	at org.apache.catalina.core.ApplicationFilterChain.internalDoFilter(ApplicationFilterChain.java:179)
	at org.apache.catalina.core.ApplicationFilterChain.doFilter(ApplicationFilterChain.java:154)
	at com.ontotext.forest.core.request.RequestFilter.doFilterInternal(RequestFilter.java:47)
	at org.springframework.web.filter.OncePerRequestFilter.doFilter(OncePerRequestFilter.java:117)
	at org.apache.catalina.core.ApplicationFilterChain.internalDoFilter(ApplicationFilterChain.java:179)
	at org.apache.catalina.core.ApplicationFilterChain.doFilter(ApplicationFilterChain.java:154)
	at org.springframework.web.filter.CharacterEncodingFilter.doFilterInternal(CharacterEncodingFilter.java:201)
	at org.springframework.web.filter.OncePerRequestFilter.doFilter(OncePerRequestFilter.java:117)
	at org.apache.catalina.core.ApplicationFilterChain.internalDoFilter(ApplicationFilterChain.java:179)
	at org.apache.catalina.core.ApplicationFilterChain.doFilter(ApplicationFilterChain.java:154)
	at com.github.ziplet.filter.compression.CompressingFilter.doFilter(CompressingFilter.java:263)
	at org.apache.catalina.core.ApplicationFilterChain.internalDoFilter(ApplicationFilterChain.java:179)
	at org.apache.catalina.core.ApplicationFilterChain.doFilter(ApplicationFilterChain.java:154)
	at org.apache.catalina.core.StandardWrapperValve.invoke(StandardWrapperValve.java:168)
	at org.apache.catalina.core.StandardContextValve.invoke(StandardContextValve.java:90)
	at org.apache.catalina.authenticator.AuthenticatorBase.invoke(AuthenticatorBase.java:481)
	at org.apache.catalina.core.StandardHostValve.invoke(StandardHostValve.java:130)
	at org.apache.catalina.valves.ErrorReportValve.invoke(ErrorReportValve.java:93)
	at org.apache.catalina.core.StandardEngineValve.invoke(StandardEngineValve.java:74)
	at org.apache.catalina.connector.CoyoteAdapter.service(CoyoteAdapter.java:346)
	at org.apache.coyote.http11.Http11Processor.service(Http11Processor.java:390)
	at org.apache.coyote.AbstractProcessorLight.process(AbstractProcessorLight.java:63)
	at org.apache.coyote.AbstractProtocol$ConnectionHandler.process(AbstractProtocol.java:928)
	at org.apache.tomcat.util.net.NioEndpoint$SocketProcessor.doRun(NioEndpoint.java:1786)
	at org.apache.tomcat.util.net.SocketProcessorBase.run(SocketProcessorBase.java:52)
	at org.apache.tomcat.util.threads.ThreadPoolExecutor.runWorker(ThreadPoolExecutor.java:1191)
	at org.apache.tomcat.util.threads.ThreadPoolExecutor$Worker.run(ThreadPoolExecutor.java:659)
	at org.apache.tomcat.util.threads.TaskThread$WrappingRunnable.run(TaskThread.java:63)
	at java.base/java.lang.Thread.run(Thread.java:829)
[INFO ] 2025-02-25 13:28:38,956 [Thread-3 | c.o.g.s.GraphDB] Stopping GraphDB.
[INFO ] 2025-02-25 13:28:54,376 [main | c.o.g.Config] Using 'jar:file:/opt/graphdb/dist/lib/graphdb-application-common-10.7.0.jar!/com/ontotext/graphdb/logback.xml' as logback's configuration file
[INFO ] 2025-02-25 13:28:55,000 [main | c.o.g.s.GraphDB] Starting GraphDB in workbench mode.
[INFO ] 2025-02-25 13:29:15,472 [main | c.o.g.Config] GraphDB Home directory: /opt/graphdb/home
[INFO ] 2025-02-25 13:29:15,482 [main | c.o.g.Config] GraphDB Config directory: /opt/graphdb/home/conf
[INFO ] 2025-02-25 13:29:15,487 [main | c.o.g.Config] GraphDB Data directory: /opt/graphdb/home/data
[INFO ] 2025-02-25 13:29:15,491 [main | c.o.g.Config] GraphDB Work directory: /opt/graphdb/home/work
[INFO ] 2025-02-25 13:29:15,493 [main | c.o.g.Config] GraphDB Logs directory: /opt/graphdb/home/logs
[INFO ] 2025-02-25 13:29:17,216 [main | c.o.f.c.s.r.GraphDBRpcServer] Started gRPC server on port 7300 successfully
[INFO ] 2025-02-25 13:29:25,833 [main | c.o.g.s.GraphDB] Started GraphDB in workbench mode at port 7200.
[ERROR] 2025-02-25 13:30:51,806 [repositories/PETSdata | c.o.f.s.GraphDBProtocolExceptionResolver] Client sent bad request (404)
org.eclipse.rdf4j.http.server.ClientHTTPException: Unknown repository: PETSdata
	at org.eclipse.rdf4j.http.server.repository.RepositoryInterceptor.setRequestAttributes(RepositoryInterceptor.java:110)
	at org.eclipse.rdf4j.http.server.ServerInterceptor.preHandle(ServerInterceptor.java:35)
	at org.eclipse.rdf4j.http.server.repository.RepositoryInterceptor.preHandle(RepositoryInterceptor.java:85)
	at com.ontotext.forest.sesame.ForestRepositoryInterceptor.preHandle(ForestRepositoryInterceptor.java:34)
	at com.ontotext.forest.sesame.ForestRepositoryInterceptor$$FastClassBySpringCGLIB$$d99bcd9f.invoke(<generated>)
	at org.springframework.cglib.proxy.MethodProxy.invoke(MethodProxy.java:218)
	at org.springframework.aop.framework.CglibAopProxy$CglibMethodInvocation.invokeJoinpoint(CglibAopProxy.java:792)
	at org.springframework.aop.framework.ReflectiveMethodInvocation.proceed(ReflectiveMethodInvocation.java:163)
	at org.springframework.aop.framework.CglibAopProxy$CglibMethodInvocation.proceed(CglibAopProxy.java:762)
	at org.springframework.aop.support.DelegatingIntroductionInterceptor.doProceed(DelegatingIntroductionInterceptor.java:137)
	at org.springframework.aop.support.DelegatingIntroductionInterceptor.invoke(DelegatingIntroductionInterceptor.java:124)
	at org.springframework.aop.framework.ReflectiveMethodInvocation.proceed(ReflectiveMethodInvocation.java:186)
	at org.springframework.aop.framework.CglibAopProxy$CglibMethodInvocation.proceed(CglibAopProxy.java:762)
	at org.springframework.aop.framework.CglibAopProxy$DynamicAdvisedInterceptor.intercept(CglibAopProxy.java:707)
	at com.ontotext.forest.sesame.ForestRepositoryInterceptor$$EnhancerBySpringCGLIB$$7a6f182d.preHandle(<generated>)
	at org.springframework.web.servlet.HandlerExecutionChain.applyPreHandle(HandlerExecutionChain.java:148)
	at org.springframework.web.servlet.DispatcherServlet.doDispatch(DispatcherServlet.java:1067)
	at org.springframework.web.servlet.DispatcherServlet.doService(DispatcherServlet.java:965)
	at org.springframework.web.servlet.FrameworkServlet.processRequest(FrameworkServlet.java:1006)
	at org.springframework.web.servlet.FrameworkServlet.doPost(FrameworkServlet.java:909)
	at javax.servlet.http.HttpServlet.service(HttpServlet.java:555)
	at org.springframework.web.servlet.FrameworkServlet.service(FrameworkServlet.java:883)
	at javax.servlet.http.HttpServlet.service(HttpServlet.java:623)
	at org.apache.catalina.core.ApplicationFilterChain.internalDoFilter(ApplicationFilterChain.java:210)
	at org.apache.catalina.core.ApplicationFilterChain.doFilter(ApplicationFilterChain.java:154)
	at com.ontotext.forest.security.AdminDelegatingFilterProxy.doFilter(AdminDelegatingFilterProxy.java:83)
	at org.springframework.web.filter.DelegatingFilterProxy.invokeDelegate(DelegatingFilterProxy.java:354)
	at org.springframework.web.filter.DelegatingFilterProxy.doFilter(DelegatingFilterProxy.java:267)
	at org.apache.catalina.core.ApplicationFilterChain.internalDoFilter(ApplicationFilterChain.java:179)
	at org.apache.catalina.core.ApplicationFilterChain.doFilter(ApplicationFilterChain.java:154)
	at com.ontotext.forest.clusterproxy.ClusterFilterBean.doFilter(ClusterFilterBean.java:73)
	at com.ontotext.forest.clusterproxy.ClusterLoadBalancerFilter.doFilterInternal(ClusterLoadBalancerFilter.java:25)
	at org.springframework.web.filter.OncePerRequestFilter.doFilter(OncePerRequestFilter.java:117)
	at org.apache.catalina.core.ApplicationFilterChain.internalDoFilter(ApplicationFilterChain.java:179)
	at org.apache.catalina.core.ApplicationFilterChain.doFilter(ApplicationFilterChain.java:154)
	at com.ontotext.forest.core.request.RequestFilter.doFilterInternal(RequestFilter.java:47)
	at org.springframework.web.filter.OncePerRequestFilter.doFilter(OncePerRequestFilter.java:117)
	at org.apache.catalina.core.ApplicationFilterChain.internalDoFilter(ApplicationFilterChain.java:179)
	at org.apache.catalina.core.ApplicationFilterChain.doFilter(ApplicationFilterChain.java:154)
	at org.springframework.web.filter.CharacterEncodingFilter.doFilterInternal(CharacterEncodingFilter.java:201)
	at org.springframework.web.filter.OncePerRequestFilter.doFilter(OncePerRequestFilter.java:117)
	at org.apache.catalina.core.ApplicationFilterChain.internalDoFilter(ApplicationFilterChain.java:179)
	at org.apache.catalina.core.ApplicationFilterChain.doFilter(ApplicationFilterChain.java:154)
	at com.github.ziplet.filter.compression.CompressingFilter.doFilter(CompressingFilter.java:263)
	at org.apache.catalina.core.ApplicationFilterChain.internalDoFilter(ApplicationFilterChain.java:179)
	at org.apache.catalina.core.ApplicationFilterChain.doFilter(ApplicationFilterChain.java:154)
	at org.apache.catalina.core.StandardWrapperValve.invoke(StandardWrapperValve.java:168)
	at org.apache.catalina.core.StandardContextValve.invoke(StandardContextValve.java:90)
	at org.apache.catalina.authenticator.AuthenticatorBase.invoke(AuthenticatorBase.java:481)
	at org.apache.catalina.core.StandardHostValve.invoke(StandardHostValve.java:130)
	at org.apache.catalina.valves.ErrorReportValve.invoke(ErrorReportValve.java:93)
	at org.apache.catalina.core.StandardEngineValve.invoke(StandardEngineValve.java:74)
	at org.apache.catalina.connector.CoyoteAdapter.service(CoyoteAdapter.java:346)
	at org.apache.coyote.http11.Http11Processor.service(Http11Processor.java:390)
	at org.apache.coyote.AbstractProcessorLight.process(AbstractProcessorLight.java:63)
	at org.apache.coyote.AbstractProtocol$ConnectionHandler.process(AbstractProtocol.java:928)
	at org.apache.tomcat.util.net.NioEndpoint$SocketProcessor.doRun(NioEndpoint.java:1786)
	at org.apache.tomcat.util.net.SocketProcessorBase.run(SocketProcessorBase.java:52)
	at org.apache.tomcat.util.threads.ThreadPoolExecutor.runWorker(ThreadPoolExecutor.java:1191)
	at org.apache.tomcat.util.threads.ThreadPoolExecutor$Worker.run(ThreadPoolExecutor.java:659)
	at org.apache.tomcat.util.threads.TaskThread$WrappingRunnable.run(TaskThread.java:63)
	at java.base/java.lang.Thread.run(Thread.java:829)
[INFO ] 2025-02-25 13:51:45,693 [Thread-3 | c.o.g.s.GraphDB] Stopping GraphDB.
[INFO ] 2025-02-25 13:51:45,821 [Thread-3 | c.o.f.c.s.SemanticDataManagement] Shutting down current semantic location
[INFO ] 2025-02-25 13:52:12,199 [main | c.o.g.Config] Using 'jar:file:/opt/graphdb/dist/lib/graphdb-application-common-10.7.0.jar!/com/ontotext/graphdb/logback.xml' as logback's configuration file
[INFO ] 2025-02-25 13:52:12,830 [main | c.o.g.s.GraphDB] Starting GraphDB in workbench mode.
[INFO ] 2025-02-25 13:52:34,252 [main | c.o.g.Config] GraphDB Home directory: /opt/graphdb/home
[INFO ] 2025-02-25 13:52:34,269 [main | c.o.g.Config] GraphDB Config directory: /opt/graphdb/home/conf
[INFO ] 2025-02-25 13:52:34,282 [main | c.o.g.Config] GraphDB Data directory: /opt/graphdb/home/data
[INFO ] 2025-02-25 13:52:34,298 [main | c.o.g.Config] GraphDB Work directory: /opt/graphdb/home/work
[INFO ] 2025-02-25 13:52:34,303 [main | c.o.g.Config] GraphDB Logs directory: /opt/graphdb/home/logs
[INFO ] 2025-02-25 13:52:36,291 [main | c.o.f.c.s.r.GraphDBRpcServer] Started gRPC server on port 7300 successfully
[INFO ] 2025-02-25 13:52:47,521 [main | c.o.g.s.GraphDB] Started GraphDB in workbench mode at port 7200.
[ERROR] 2025-02-25 13:54:09,912 [repositories/PETSdata | c.o.f.s.GraphDBProtocolExceptionResolver] Client sent bad request (404)
org.eclipse.rdf4j.http.server.ClientHTTPException: Unknown repository: PETSdata
	at org.eclipse.rdf4j.http.server.repository.RepositoryInterceptor.setRequestAttributes(RepositoryInterceptor.java:110)
	at org.eclipse.rdf4j.http.server.ServerInterceptor.preHandle(ServerInterceptor.java:35)
	at org.eclipse.rdf4j.http.server.repository.RepositoryInterceptor.preHandle(RepositoryInterceptor.java:85)
	at com.ontotext.forest.sesame.ForestRepositoryInterceptor.preHandle(ForestRepositoryInterceptor.java:34)
	at com.ontotext.forest.sesame.ForestRepositoryInterceptor$$FastClassBySpringCGLIB$$d99bcd9f.invoke(<generated>)
	at org.springframework.cglib.proxy.MethodProxy.invoke(MethodProxy.java:218)
	at org.springframework.aop.framework.CglibAopProxy$CglibMethodInvocation.invokeJoinpoint(CglibAopProxy.java:792)
	at org.springframework.aop.framework.ReflectiveMethodInvocation.proceed(ReflectiveMethodInvocation.java:163)
	at org.springframework.aop.framework.CglibAopProxy$CglibMethodInvocation.proceed(CglibAopProxy.java:762)
	at org.springframework.aop.support.DelegatingIntroductionInterceptor.doProceed(DelegatingIntroductionInterceptor.java:137)
	at org.springframework.aop.support.DelegatingIntroductionInterceptor.invoke(DelegatingIntroductionInterceptor.java:124)
	at org.springframework.aop.framework.ReflectiveMethodInvocation.proceed(ReflectiveMethodInvocation.java:186)
	at org.springframework.aop.framework.CglibAopProxy$CglibMethodInvocation.proceed(CglibAopProxy.java:762)
	at org.springframework.aop.framework.CglibAopProxy$DynamicAdvisedInterceptor.intercept(CglibAopProxy.java:707)
	at com.ontotext.forest.sesame.ForestRepositoryInterceptor$$EnhancerBySpringCGLIB$$c9e07eda.preHandle(<generated>)
	at org.springframework.web.servlet.HandlerExecutionChain.applyPreHandle(HandlerExecutionChain.java:148)
	at org.springframework.web.servlet.DispatcherServlet.doDispatch(DispatcherServlet.java:1067)
	at org.springframework.web.servlet.DispatcherServlet.doService(DispatcherServlet.java:965)
	at org.springframework.web.servlet.FrameworkServlet.processRequest(FrameworkServlet.java:1006)
	at org.springframework.web.servlet.FrameworkServlet.doPost(FrameworkServlet.java:909)
	at javax.servlet.http.HttpServlet.service(HttpServlet.java:555)
	at org.springframework.web.servlet.FrameworkServlet.service(FrameworkServlet.java:883)
	at javax.servlet.http.HttpServlet.service(HttpServlet.java:623)
	at org.apache.catalina.core.ApplicationFilterChain.internalDoFilter(ApplicationFilterChain.java:210)
	at org.apache.catalina.core.ApplicationFilterChain.doFilter(ApplicationFilterChain.java:154)
	at com.ontotext.forest.security.AdminDelegatingFilterProxy.doFilter(AdminDelegatingFilterProxy.java:83)
	at org.springframework.web.filter.DelegatingFilterProxy.invokeDelegate(DelegatingFilterProxy.java:354)
	at org.springframework.web.filter.DelegatingFilterProxy.doFilter(DelegatingFilterProxy.java:267)
	at org.apache.catalina.core.ApplicationFilterChain.internalDoFilter(ApplicationFilterChain.java:179)
	at org.apache.catalina.core.ApplicationFilterChain.doFilter(ApplicationFilterChain.java:154)
	at com.ontotext.forest.clusterproxy.ClusterFilterBean.doFilter(ClusterFilterBean.java:73)
	at com.ontotext.forest.clusterproxy.ClusterLoadBalancerFilter.doFilterInternal(ClusterLoadBalancerFilter.java:25)
	at org.springframework.web.filter.OncePerRequestFilter.doFilter(OncePerRequestFilter.java:117)
	at org.apache.catalina.core.ApplicationFilterChain.internalDoFilter(ApplicationFilterChain.java:179)
	at org.apache.catalina.core.ApplicationFilterChain.doFilter(ApplicationFilterChain.java:154)
	at com.ontotext.forest.core.request.RequestFilter.doFilterInternal(RequestFilter.java:47)
	at org.springframework.web.filter.OncePerRequestFilter.doFilter(OncePerRequestFilter.java:117)
	at org.apache.catalina.core.ApplicationFilterChain.internalDoFilter(ApplicationFilterChain.java:179)
	at org.apache.catalina.core.ApplicationFilterChain.doFilter(ApplicationFilterChain.java:154)
	at org.springframework.web.filter.CharacterEncodingFilter.doFilterInternal(CharacterEncodingFilter.java:201)
	at org.springframework.web.filter.OncePerRequestFilter.doFilter(OncePerRequestFilter.java:117)
	at org.apache.catalina.core.ApplicationFilterChain.internalDoFilter(ApplicationFilterChain.java:179)
	at org.apache.catalina.core.ApplicationFilterChain.doFilter(ApplicationFilterChain.java:154)
	at com.github.ziplet.filter.compression.CompressingFilter.doFilter(CompressingFilter.java:263)
	at org.apache.catalina.core.ApplicationFilterChain.internalDoFilter(ApplicationFilterChain.java:179)
	at org.apache.catalina.core.ApplicationFilterChain.doFilter(ApplicationFilterChain.java:154)
	at org.apache.catalina.core.StandardWrapperValve.invoke(StandardWrapperValve.java:168)
	at org.apache.catalina.core.StandardContextValve.invoke(StandardContextValve.java:90)
	at org.apache.catalina.authenticator.AuthenticatorBase.invoke(AuthenticatorBase.java:481)
	at org.apache.catalina.core.StandardHostValve.invoke(StandardHostValve.java:130)
	at org.apache.catalina.valves.ErrorReportValve.invoke(ErrorReportValve.java:93)
	at org.apache.catalina.core.StandardEngineValve.invoke(StandardEngineValve.java:74)
	at org.apache.catalina.connector.CoyoteAdapter.service(CoyoteAdapter.java:346)
	at org.apache.coyote.http11.Http11Processor.service(Http11Processor.java:390)
	at org.apache.coyote.AbstractProcessorLight.process(AbstractProcessorLight.java:63)
	at org.apache.coyote.AbstractProtocol$ConnectionHandler.process(AbstractProtocol.java:928)
	at org.apache.tomcat.util.net.NioEndpoint$SocketProcessor.doRun(NioEndpoint.java:1786)
	at org.apache.tomcat.util.net.SocketProcessorBase.run(SocketProcessorBase.java:52)
	at org.apache.tomcat.util.threads.ThreadPoolExecutor.runWorker(ThreadPoolExecutor.java:1191)
	at org.apache.tomcat.util.threads.ThreadPoolExecutor$Worker.run(ThreadPoolExecutor.java:659)
	at org.apache.tomcat.util.threads.TaskThread$WrappingRunnable.run(TaskThread.java:63)
	at java.base/java.lang.Thread.run(Thread.java:829)
[INFO ] 2025-02-25 13:57:44,531 [Thread-3 | c.o.g.s.GraphDB] Stopping GraphDB.
[INFO ] 2025-02-25 13:59:45,771 [main | c.o.g.Config] Using 'jar:file:/opt/graphdb/dist/lib/graphdb-application-common-10.7.0.jar!/com/ontotext/graphdb/logback.xml' as logback's configuration file
[INFO ] 2025-02-25 13:59:46,597 [main | c.o.g.s.GraphDB] Starting GraphDB in workbench mode.
[INFO ] 2025-02-25 14:00:09,861 [main | c.o.g.Config] GraphDB Home directory: /opt/graphdb/home
[INFO ] 2025-02-25 14:00:09,868 [main | c.o.g.Config] GraphDB Config directory: /opt/graphdb/home/conf
[INFO ] 2025-02-25 14:00:09,876 [main | c.o.g.Config] GraphDB Data directory: /opt/graphdb/home/data
[INFO ] 2025-02-25 14:00:09,882 [main | c.o.g.Config] GraphDB Work directory: /opt/graphdb/home/work
[INFO ] 2025-02-25 14:00:09,886 [main | c.o.g.Config] GraphDB Logs directory: /opt/graphdb/home/logs
[INFO ] 2025-02-25 14:00:11,924 [main | c.o.f.c.s.r.GraphDBRpcServer] Started gRPC server on port 7300 successfully
[INFO ] 2025-02-25 14:00:20,651 [main | c.o.g.s.GraphDB] Started GraphDB in workbench mode at port 7200.
[ERROR] 2025-02-25 14:01:43,019 [repositories/PETSdata | c.o.f.s.GraphDBProtocolExceptionResolver] Client sent bad request (404)
org.eclipse.rdf4j.http.server.ClientHTTPException: Unknown repository: PETSdata
	at org.eclipse.rdf4j.http.server.repository.RepositoryInterceptor.setRequestAttributes(RepositoryInterceptor.java:110)
	at org.eclipse.rdf4j.http.server.ServerInterceptor.preHandle(ServerInterceptor.java:35)
	at org.eclipse.rdf4j.http.server.repository.RepositoryInterceptor.preHandle(RepositoryInterceptor.java:85)
	at com.ontotext.forest.sesame.ForestRepositoryInterceptor.preHandle(ForestRepositoryInterceptor.java:34)
	at com.ontotext.forest.sesame.ForestRepositoryInterceptor$$FastClassBySpringCGLIB$$d99bcd9f.invoke(<generated>)
	at org.springframework.cglib.proxy.MethodProxy.invoke(MethodProxy.java:218)
	at org.springframework.aop.framework.CglibAopProxy$CglibMethodInvocation.invokeJoinpoint(CglibAopProxy.java:792)
	at org.springframework.aop.framework.ReflectiveMethodInvocation.proceed(ReflectiveMethodInvocation.java:163)
	at org.springframework.aop.framework.CglibAopProxy$CglibMethodInvocation.proceed(CglibAopProxy.java:762)
	at org.springframework.aop.support.DelegatingIntroductionInterceptor.doProceed(DelegatingIntroductionInterceptor.java:137)
	at org.springframework.aop.support.DelegatingIntroductionInterceptor.invoke(DelegatingIntroductionInterceptor.java:124)
	at org.springframework.aop.framework.ReflectiveMethodInvocation.proceed(ReflectiveMethodInvocation.java:186)
	at org.springframework.aop.framework.CglibAopProxy$CglibMethodInvocation.proceed(CglibAopProxy.java:762)
	at org.springframework.aop.framework.CglibAopProxy$DynamicAdvisedInterceptor.intercept(CglibAopProxy.java:707)
	at com.ontotext.forest.sesame.ForestRepositoryInterceptor$$EnhancerBySpringCGLIB$$cc0d7910.preHandle(<generated>)
	at org.springframework.web.servlet.HandlerExecutionChain.applyPreHandle(HandlerExecutionChain.java:148)
	at org.springframework.web.servlet.DispatcherServlet.doDispatch(DispatcherServlet.java:1067)
	at org.springframework.web.servlet.DispatcherServlet.doService(DispatcherServlet.java:965)
	at org.springframework.web.servlet.FrameworkServlet.processRequest(FrameworkServlet.java:1006)
	at org.springframework.web.servlet.FrameworkServlet.doPost(FrameworkServlet.java:909)
	at javax.servlet.http.HttpServlet.service(HttpServlet.java:555)
	at org.springframework.web.servlet.FrameworkServlet.service(FrameworkServlet.java:883)
	at javax.servlet.http.HttpServlet.service(HttpServlet.java:623)
	at org.apache.catalina.core.ApplicationFilterChain.internalDoFilter(ApplicationFilterChain.java:210)
	at org.apache.catalina.core.ApplicationFilterChain.doFilter(ApplicationFilterChain.java:154)
	at com.ontotext.forest.security.AdminDelegatingFilterProxy.doFilter(AdminDelegatingFilterProxy.java:83)
	at org.springframework.web.filter.DelegatingFilterProxy.invokeDelegate(DelegatingFilterProxy.java:354)
	at org.springframework.web.filter.DelegatingFilterProxy.doFilter(DelegatingFilterProxy.java:267)
	at org.apache.catalina.core.ApplicationFilterChain.internalDoFilter(ApplicationFilterChain.java:179)
	at org.apache.catalina.core.ApplicationFilterChain.doFilter(ApplicationFilterChain.java:154)
	at com.ontotext.forest.clusterproxy.ClusterFilterBean.doFilter(ClusterFilterBean.java:73)
	at com.ontotext.forest.clusterproxy.ClusterLoadBalancerFilter.doFilterInternal(ClusterLoadBalancerFilter.java:25)
	at org.springframework.web.filter.OncePerRequestFilter.doFilter(OncePerRequestFilter.java:117)
	at org.apache.catalina.core.ApplicationFilterChain.internalDoFilter(ApplicationFilterChain.java:179)
	at org.apache.catalina.core.ApplicationFilterChain.doFilter(ApplicationFilterChain.java:154)
	at com.ontotext.forest.core.request.RequestFilter.doFilterInternal(RequestFilter.java:47)
	at org.springframework.web.filter.OncePerRequestFilter.doFilter(OncePerRequestFilter.java:117)
	at org.apache.catalina.core.ApplicationFilterChain.internalDoFilter(ApplicationFilterChain.java:179)
	at org.apache.catalina.core.ApplicationFilterChain.doFilter(ApplicationFilterChain.java:154)
	at org.springframework.web.filter.CharacterEncodingFilter.doFilterInternal(CharacterEncodingFilter.java:201)
	at org.springframework.web.filter.OncePerRequestFilter.doFilter(OncePerRequestFilter.java:117)
	at org.apache.catalina.core.ApplicationFilterChain.internalDoFilter(ApplicationFilterChain.java:179)
	at org.apache.catalina.core.ApplicationFilterChain.doFilter(ApplicationFilterChain.java:154)
	at com.github.ziplet.filter.compression.CompressingFilter.doFilter(CompressingFilter.java:263)
	at org.apache.catalina.core.ApplicationFilterChain.internalDoFilter(ApplicationFilterChain.java:179)
	at org.apache.catalina.core.ApplicationFilterChain.doFilter(ApplicationFilterChain.java:154)
	at org.apache.catalina.core.StandardWrapperValve.invoke(StandardWrapperValve.java:168)
	at org.apache.catalina.core.StandardContextValve.invoke(StandardContextValve.java:90)
	at org.apache.catalina.authenticator.AuthenticatorBase.invoke(AuthenticatorBase.java:481)
	at org.apache.catalina.core.StandardHostValve.invoke(StandardHostValve.java:130)
	at org.apache.catalina.valves.ErrorReportValve.invoke(ErrorReportValve.java:93)
	at org.apache.catalina.core.StandardEngineValve.invoke(StandardEngineValve.java:74)
	at org.apache.catalina.connector.CoyoteAdapter.service(CoyoteAdapter.java:346)
	at org.apache.coyote.http11.Http11Processor.service(Http11Processor.java:390)
	at org.apache.coyote.AbstractProcessorLight.process(AbstractProcessorLight.java:63)
	at org.apache.coyote.AbstractProtocol$ConnectionHandler.process(AbstractProtocol.java:928)
	at org.apache.tomcat.util.net.NioEndpoint$SocketProcessor.doRun(NioEndpoint.java:1786)
	at org.apache.tomcat.util.net.SocketProcessorBase.run(SocketProcessorBase.java:52)
	at org.apache.tomcat.util.threads.ThreadPoolExecutor.runWorker(ThreadPoolExecutor.java:1191)
	at org.apache.tomcat.util.threads.ThreadPoolExecutor$Worker.run(ThreadPoolExecutor.java:659)
	at org.apache.tomcat.util.threads.TaskThread$WrappingRunnable.run(TaskThread.java:63)
	at java.base/java.lang.Thread.run(Thread.java:829)
[INFO ] 2025-02-25 14:06:06,324 [Thread-3 | c.o.g.s.GraphDB] Stopping GraphDB.
[INFO ] 2025-02-25 14:06:06,448 [Thread-3 | c.o.f.c.s.SemanticDataManagement] Shutting down current semantic location
